Traceback (most recent call last):
  File "src/run_pred_yield.py", line 135, in <module>
    main()
  File "src/run_pred_yield.py", line 75, in main
    tokenizer = MolTokenizer(vocab_file=os.path.join(args.model_dir, 'vocab.pt'))
  File "/scratch/jl8570/rxntransformer/src/data/data_utils.py", line 139, in __init__
    self.create_vocab(vocab_file=vocab_file, source_files=source_files, vocab_size=vocab_size)
  File "/scratch/jl8570/rxntransformer/src/data/data_utils.py", line 174, in create_vocab
    "Can't find a vocabulary file at path '{}'.".format(vocab_file)
ValueError: Can't find a vocabulary file at path 'model/USPTO_yield/Ni_rxns/vocab.pt'.
Traceback (most recent call last):
  File "src/run_pred_yield.py", line 135, in <module>
    main()
  File "src/run_pred_yield.py", line 75, in main
    tokenizer = MolTokenizer(vocab_file=os.path.join(args.model_dir, 'vocab.pt'))
  File "/scratch/jl8570/rxntransformer/src/data/data_utils.py", line 139, in __init__
    self.create_vocab(vocab_file=vocab_file, source_files=source_files, vocab_size=vocab_size)
  File "/scratch/jl8570/rxntransformer/src/data/data_utils.py", line 174, in create_vocab
    "Can't find a vocabulary file at path '{}'.".format(vocab_file)
ValueError: Can't find a vocabulary file at path 'model/USPTO_yield/Ni_rxns/vocab.pt'.
Traceback (most recent call last):
  File "src/run_pred_yield.py", line 135, in <module>
    main()
  File "src/run_pred_yield.py", line 75, in main
    tokenizer = MolTokenizer(vocab_file=os.path.join(args.model_dir, 'vocab.pt'))
  File "/scratch/jl8570/rxntransformer/src/data/data_utils.py", line 139, in __init__
    self.create_vocab(vocab_file=vocab_file, source_files=source_files, vocab_size=vocab_size)
  File "/scratch/jl8570/rxntransformer/src/data/data_utils.py", line 174, in create_vocab
    "Can't find a vocabulary file at path '{}'.".format(vocab_file)
ValueError: Can't find a vocabulary file at path 'model/USPTO_yield/Ni_rxns/vocab.pt'.
